# JRE version: OpenJDK Runtime Environment (11.0.11+9) (build 11.0.11+9-b60-7590822)
# Java VM: OpenJDK 64-Bit Server VM (11.0.11+9-b60-7590822, mixed mode, tiered, compressed oops, g1 gc, windows-amd64)
Heap:
 garbage-first heap   total 260096K, used 139004K [0x0000000080000000, 0x0000000100000000)
  region size 1024K, 33 young (33792K), 1 survivors (1024K)
 Metaspace       used 129449K, capacity 134080K, committed 134424K, reserved 1167360K
  class space    used 15686K, capacity 17303K, committed 17432K, reserved 1048576K
GC Heap History (20 events):
Event: 7542.241 GC heap before
{Heap before GC invocations=264 (full 0):
 garbage-first heap   total 260096K, used 119677K [0x0000000080000000, 0x0000000100000000)
  region size 1024K, 26 young (26624K), 2 survivors (2048K)
 Metaspace       used 129347K, capacity 133972K, committed 134168K, reserved 1165312K
  class space    used 15685K, capacity 17301K, committed 17432K, reserved 1048576K
}
Event: 7542.263 GC heap after
{Heap after GC invocations=265 (full 0):
 garbage-first heap   total 260096K, used 108350K [0x0000000080000000, 0x0000000100000000)
  region size 1024K, 14 young (14336K), 14 survivors (14336K)
 Metaspace       used 129347K, capacity 133972K, committed 134168K, reserved 1165312K
  class space    used 15685K, capacity 17301K, committed 17432K, reserved 1048576K
}
Event: 7563.410 GC heap before
{Heap before GC invocations=266 (full 0):
 garbage-first heap   total 260096K, used 226110K [0x0000000080000000, 0x0000000100000000)
  region size 1024K, 102 young (104448K), 14 survivors (14336K)
 Metaspace       used 129386K, capacity 134001K, committed 134168K, reserved 1165312K
  class space    used 15685K, capacity 17301K, committed 17432K, reserved 1048576K
}
Event: 7563.428 GC heap after
{Heap after GC invocations=267 (full 0):
 garbage-first heap   total 260096K, used 106665K [0x0000000080000000, 0x0000000100000000)
  region size 1024K, 4 young (4096K), 4 survivors (4096K)
 Metaspace       used 129386K, capacity 134001K, committed 134168K, reserved 1165312K
  class space    used 15685K, capacity 17301K, committed 17432K, reserved 1048576K
}
Event: 7563.454 GC heap before
{Heap before GC invocations=267 (full 0):
 garbage-first heap   total 260096K, used 113833K [0x0000000080000000, 0x0000000100000000)
  region size 1024K, 12 young (12288K), 4 survivors (4096K)
 Metaspace       used 129386K, capacity 134001K, committed 134168K, reserved 1165312K
  class space    used 15685K, capacity 17301K, committed 17432K, reserved 1048576K
}
Event: 7563.467 GC heap after
{Heap after GC invocations=268 (full 0):
 garbage-first heap   total 260096K, used 105471K [0x0000000080000000, 0x0000000100000000)
  region size 1024K, 1 young (1024K), 1 survivors (1024K)
 Metaspace       used 129386K, capacity 134001K, committed 134168K, reserved 1165312K
  class space    used 15685K, capacity 17301K, committed 17432K, reserved 1048576K
}
Event: 7563.585 GC heap before
{Heap before GC invocations=268 (full 0):
 garbage-first heap   total 260096K, used 122879K [0x0000000080000000, 0x0000000100000000)
  region size 1024K, 19 young (19456K), 1 survivors (1024K)
 Metaspace       used 129395K, capacity 134001K, committed 134168K, reserved 1165312K
  class space    used 15685K, capacity 17301K, committed 17432K, reserved 1048576K
}
Event: 7563.602 GC heap after
{Heap after GC invocations=269 (full 0):
 garbage-first heap   total 260096K, used 108179K [0x0000000080000000, 0x0000000100000000)
  region size 1024K, 4 young (4096K), 4 survivors (4096K)
 Metaspace       used 129395K, capacity 134001K, committed 134168K, reserved 1165312K
  class space    used 15685K, capacity 17301K, committed 17432K, reserved 1048576K
}
Event: 7564.862 GC heap before
{Heap before GC invocations=270 (full 0):
 garbage-first heap   total 260096K, used 198291K [0x0000000080000000, 0x0000000100000000)
  region size 1024K, 86 young (88064K), 4 survivors (4096K)
 Metaspace       used 129399K, capacity 134001K, committed 134168K, reserved 1165312K
  class space    used 15685K, capacity 17301K, committed 17432K, reserved 1048576K
}
Event: 7564.877 GC heap after
{Heap after GC invocations=271 (full 0):
 garbage-first heap   total 260096K, used 101678K [0x0000000080000000, 0x0000000100000000)
  region size 1024K, 10 young (10240K), 10 survivors (10240K)
 Metaspace       used 129399K, capacity 134001K, committed 134168K, reserved 1165312K
  class space    used 15685K, capacity 17301K, committed 17432K, reserved 1048576K
}
Event: 7564.879 GC heap before
{Heap before GC invocations=271 (full 0):
 garbage-first heap   total 260096K, used 103726K [0x0000000080000000, 0x0000000100000000)
  region size 1024K, 12 young (12288K), 10 survivors (10240K)
 Metaspace       used 129399K, capacity 134001K, committed 134168K, reserved 1165312K
  class space    used 15685K, capacity 17301K, committed 17432K, reserved 1048576K
}
Event: 7564.897 GC heap after
{Heap after GC invocations=272 (full 0):
 garbage-first heap   total 260096K, used 93322K [0x0000000080000000, 0x0000000100000000)
  region size 1024K, 2 young (2048K), 2 survivors (2048K)
 Metaspace       used 129399K, capacity 134001K, committed 134168K, reserved 1165312K
  class space    used 15685K, capacity 17301K, committed 17432K, reserved 1048576K
}
Event: 7565.066 GC heap before
{Heap before GC invocations=272 (full 0):
 garbage-first heap   total 260096K, used 116874K [0x0000000080000000, 0x0000000100000000)
  region size 1024K, 27 young (27648K), 2 survivors (2048K)
 Metaspace       used 129409K, capacity 134001K, committed 134168K, reserved 1165312K
  class space    used 15685K, capacity 17301K, committed 17432K, reserved 1048576K
}
Event: 7565.074 GC heap after
{Heap after GC invocations=273 (full 0):
 garbage-first heap   total 260096K, used 92811K [0x0000000080000000, 0x0000000100000000)
  region size 1024K, 1 young (1024K), 1 survivors (1024K)
 Metaspace       used 129409K, capacity 134001K, committed 134168K, reserved 1165312K
  class space    used 15685K, capacity 17301K, committed 17432K, reserved 1048576K
}
Event: 7643.712 GC heap before
{Heap before GC invocations=274 (full 0):
 garbage-first heap   total 260096K, used 206475K [0x0000000080000000, 0x0000000100000000)
  region size 1024K, 100 young (102400K), 1 survivors (1024K)
 Metaspace       used 129447K, capacity 134080K, committed 134424K, reserved 1167360K
  class space    used 15686K, capacity 17303K, committed 17432K, reserved 1048576K
}
Event: 7643.724 GC heap after
{Heap after GC invocations=275 (full 0):
 garbage-first heap   total 260096K, used 101241K [0x0000000080000000, 0x0000000100000000)
  region size 1024K, 8 young (8192K), 8 survivors (8192K)
 Metaspace       used 129447K, capacity 134080K, committed 134424K, reserved 1167360K
  class space    used 15686K, capacity 17303K, committed 17432K, reserved 1048576K
}
Event: 7643.759 GC heap before
{Heap before GC invocations=275 (full 0):
 garbage-first heap   total 260096K, used 105337K [0x0000000080000000, 0x0000000100000000)
  region size 1024K, 12 young (12288K), 8 survivors (8192K)
 Metaspace       used 129447K, capacity 134080K, committed 134424K, reserved 1167360K
  class space    used 15686K, capacity 17303K, committed 17432K, reserved 1048576K
}
Event: 7643.769 GC heap after
{Heap after GC invocations=276 (full 0):
 garbage-first heap   total 260096K, used 97654K [0x0000000080000000, 0x0000000100000000)
  region size 1024K, 1 young (1024K), 1 survivors (1024K)
 Metaspace       used 129447K, capacity 134080K, committed 134424K, reserved 1167360K
  class space    used 15686K, capacity 17303K, committed 17432K, reserved 1048576K
}
Event: 7643.839 GC heap before
{Heap before GC invocations=276 (full 0):
 garbage-first heap   total 260096K, used 104822K [0x0000000080000000, 0x0000000100000000)
  region size 1024K, 10 young (10240K), 1 survivors (1024K)
 Metaspace       used 129448K, capacity 134080K, committed 134424K, reserved 1167360K
  class space    used 15686K, capacity 17303K, committed 17432K, reserved 1048576K
}
Event: 7643.846 GC heap after
{Heap after GC invocations=277 (full 0):
 garbage-first heap   total 260096K, used 97020K [0x0000000080000000, 0x0000000100000000)
  region size 1024K, 1 young (1024K), 1 survivors (1024K)
 Metaspace       used 129448K, capacity 134080K, committed 134424K, reserved 1167360K
  class space    used 15686K, capacity 17303K, committed 17432K, reserved 1048576K
}

